<?xml version="1.0" encoding="UTF-8"?>
<!-- Generated by org.testng.reporters.JUnitReportReporter -->
<testsuite hostname="LAPTOP-BIFLVTUC" failures="0" tests="1" name="Edge" time="103.645" errors="0" timestamp="2022-10-11T21:46:31 IST" skipped="0">
  <testcase classname="Edge" name="f" time="103.645"/>
  <system-out/>
</testsuite> <!-- Edge -->
