<?xml version="1.0" encoding="UTF-8"?>
<!-- Generated by org.testng.reporters.JUnitReportReporter -->
<testsuite hostname="LAPTOP-BIFLVTUC" failures="0" tests="1" name="Chrome" time="50.487" errors="0" timestamp="2022-10-11T21:53:21 IST" skipped="0">
  <testcase classname="Chrome" name="f" time="50.487"/>
  <system-out/>
</testsuite> <!-- Chrome -->
